This file contains any messages produced by compilers while
running configure, to aid debugging if configure makes a mistake.

It was created by Protocol Buffers configure 2.4.1, which was
generated by GNU Autoconf 2.65.  Invocation command line was

  $ ./configure 

## --------- ##
## Platform. ##
## --------- ##

hostname = sloppyjoe-PC
uname -m = i686
uname -r = 1.0.17(0.48/3/2)
uname -s = MINGW32_NT-6.1
uname -v = 2011-04-24 23:39

/usr/bin/uname -p = unknown
/bin/uname -X     = unknown

/bin/arch              = unknown
/usr/bin/arch -k       = unknown
/usr/convex/getsysinfo = unknown
/usr/bin/hostinfo      = unknown
/bin/machine           = unknown
/usr/bin/oslevel       = unknown
/bin/universe          = unknown

PATH: .
PATH: /usr/local/bin
PATH: /mingw/bin
PATH: /bin
PATH: /c/Program Files (x86)/NVIDIA Corporation/PhysX/Common
PATH: /c/Windows/system32
PATH: /c/Windows
PATH: /c/Windows/System32/Wbem
PATH: /c/Windows/System32/WindowsPowerShell/v1.0/
PATH: /c/Program Files/TortoiseSVN/bin
PATH: /e/Programming/libraries/GoogleProtobuf/protobuf-2.4.1
PATH: /e/Programs/Vim/vim73
PATH: /e/Programs/Git/cmd


## ----------- ##
## Core tests. ##
## ----------- ##

configure:2608: checking build system type
configure:2622: result: i686-pc-mingw32
configure:2642: checking host system type
configure:2655: result: i686-pc-mingw32
configure:2675: checking target system type
configure:2688: result: i686-pc-mingw32
configure:2731: checking for a BSD-compatible install
configure:2799: result: /bin/install -c
configure:2810: checking whether build environment is sane
configure:2860: result: yes
configure:3001: checking for a thread-safe mkdir -p
configure:3040: result: /bin/mkdir -p
configure:3053: checking for gawk
configure:3069: found /bin/gawk
configure:3080: result: gawk
configure:3091: checking whether make sets $(MAKE)
configure:3113: result: yes
configure:3261: checking for gcc
configure:3277: found /mingw/bin/gcc
configure:3288: result: gcc
configure:3517: checking for C compiler version
configure:3526: gcc --version >&5
gcc.exe (GCC) 4.7.0
Copyright (C) 2012 Free Software Foundation, Inc.
This is free software; see the source for copying conditions.  There is NO
warranty; not even for MERCHANTABILITY or FITNESS FOR A PARTICULAR PURPOSE.

configure:3537: $? = 0
configure:3526: gcc -v >&5
Using built-in specs.
COLLECT_GCC=E:\MinGW\bin\gcc.exe
COLLECT_LTO_WRAPPER=e:/mingw/bin/../libexec/gcc/mingw32/4.7.0/lto-wrapper.exe
Target: mingw32
Configured with: ../gcc-4.7.0/configure --enable-languages=c,c++,ada,fortran,objc,obj-c++ --disable-sjlj-exceptions --with-dwarf2 --enable-shared --enable-libgomp --disable-win32-registry --enable-libstdcxx-debug --disable-build-poststage1-with-cxx --enable-version-specific-runtime-libs --build=mingw32 --prefix=/mingw
Thread model: win32
gcc version 4.7.0 (GCC) 
configure:3537: $? = 0
configure:3526: gcc -V >&5
gcc.exe: error: unrecognized command line option '-V'
gcc.exe: fatal error: no input files
compilation terminated.
configure:3537: $? = 1
configure:3526: gcc -qversion >&5
gcc.exe: error: unrecognized command line option '-qversion'
gcc.exe: fatal error: no input files
compilation terminated.
configure:3537: $? = 1
configure:3557: checking whether the C compiler works
configure:3579: gcc    conftest.c  >&5
configure:3583: $? = 0
configure:3632: result: yes
configure:3635: checking for C compiler default output file name
configure:3637: result: a.exe
configure:3643: checking for suffix of executables
configure:3650: gcc -o conftest.exe    conftest.c  >&5
configure:3654: $? = 0
configure:3676: result: .exe
configure:3698: checking whether we are cross compiling
configure:3706: gcc -o conftest.exe    conftest.c  >&5
configure:3710: $? = 0
configure:3717: ./conftest.exe
configure:3721: $? = 0
configure:3736: result: no
configure:3741: checking for suffix of object files
configure:3763: gcc -c   conftest.c >&5
configure:3767: $? = 0
configure:3788: result: o
configure:3792: checking whether we are using the GNU C compiler
configure:3811: gcc -c   conftest.c >&5
configure:3811: $? = 0
configure:3820: result: yes
configure:3829: checking whether gcc accepts -g
configure:3849: gcc -c -g  conftest.c >&5
configure:3849: $? = 0
configure:3890: result: yes
configure:3907: checking for gcc option to accept ISO C89
configure:3971: gcc  -c   conftest.c >&5
configure:3971: $? = 0
configure:3984: result: none needed
configure:4015: checking for style of include used by make
configure:4043: result: GNU
configure:4068: checking dependency style of gcc
configure:4178: result: gcc3
configure:4251: checking for g++
configure:4267: found /mingw/bin/g++
configure:4278: result: g++
configure:4305: checking for C++ compiler version
configure:4314: g++ --version >&5
g++.exe (GCC) 4.7.0
Copyright (C) 2012 Free Software Foundation, Inc.
This is free software; see the source for copying conditions.  There is NO
warranty; not even for MERCHANTABILITY or FITNESS FOR A PARTICULAR PURPOSE.

configure:4325: $? = 0
configure:4314: g++ -v >&5
Using built-in specs.
COLLECT_GCC=E:\MinGW\bin\g++.exe
COLLECT_LTO_WRAPPER=e:/mingw/bin/../libexec/gcc/mingw32/4.7.0/lto-wrapper.exe
Target: mingw32
Configured with: ../gcc-4.7.0/configure --enable-languages=c,c++,ada,fortran,objc,obj-c++ --disable-sjlj-exceptions --with-dwarf2 --enable-shared --enable-libgomp --disable-win32-registry --enable-libstdcxx-debug --disable-build-poststage1-with-cxx --enable-version-specific-runtime-libs --build=mingw32 --prefix=/mingw
Thread model: win32
gcc version 4.7.0 (GCC) 
configure:4325: $? = 0
configure:4314: g++ -V >&5
g++.exe: error: unrecognized command line option '-V'
g++.exe: fatal error: no input files
compilation terminated.
configure:4325: $? = 1
configure:4314: g++ -qversion >&5
g++.exe: error: unrecognized command line option '-qversion'
g++.exe: fatal error: no input files
compilation terminated.
configure:4325: $? = 1
configure:4329: checking whether we are using the GNU C++ compiler
configure:4348: g++ -c   conftest.cpp >&5
configure:4348: $? = 0
configure:4357: result: yes
configure:4366: checking whether g++ accepts -g
configure:4386: g++ -c -g  conftest.cpp >&5
configure:4386: $? = 0
configure:4427: result: yes
configure:4452: checking dependency style of g++
configure:4562: result: gcc3
configure:4589: checking how to run the C++ preprocessor
configure:4616: g++ -E  conftest.cpp
configure:4616: $? = 0
configure:4630: g++ -E  conftest.cpp
conftest.cpp:11:28: fatal error: ac_nonexistent.h: No such file or directory
compilation terminated.
configure:4630: $? = 1
configure: failed program was:
| /* confdefs.h */
| #define PACKAGE_NAME "Protocol Buffers"
| #define PACKAGE_TARNAME "protobuf"
| #define PACKAGE_VERSION "2.4.1"
| #define PACKAGE_STRING "Protocol Buffers 2.4.1"
| #define PACKAGE_BUGREPORT "protobuf@googlegroups.com"
| #define PACKAGE_URL ""
| #define PACKAGE "protobuf"
| #define VERSION "2.4.1"
| /* end confdefs.h.  */
| #include <ac_nonexistent.h>
configure:4655: result: g++ -E
configure:4675: g++ -E  conftest.cpp
configure:4675: $? = 0
configure:4689: g++ -E  conftest.cpp
conftest.cpp:11:28: fatal error: ac_nonexistent.h: No such file or directory
compilation terminated.
configure:4689: $? = 1
configure: failed program was:
| /* confdefs.h */
| #define PACKAGE_NAME "Protocol Buffers"
| #define PACKAGE_TARNAME "protobuf"
| #define PACKAGE_VERSION "2.4.1"
| #define PACKAGE_STRING "Protocol Buffers 2.4.1"
| #define PACKAGE_BUGREPORT "protobuf@googlegroups.com"
| #define PACKAGE_URL ""
| #define PACKAGE "protobuf"
| #define VERSION "2.4.1"
| /* end confdefs.h.  */
| #include <ac_nonexistent.h>
configure:4718: checking for grep that handles long lines and -e
configure:4776: result: /bin/grep
configure:4781: checking for egrep
configure:4843: result: /bin/grep -E
configure:4848: checking for ANSI C header files
configure:4868: g++ -c   conftest.cpp >&5
configure:4868: $? = 0
configure:4941: g++ -o conftest.exe    conftest.cpp  >&5
configure:4941: $? = 0
configure:4941: ./conftest.exe
configure:4941: $? = 0
configure:4952: result: yes
configure:4965: checking for sys/types.h
configure:4965: g++ -c   conftest.cpp >&5
configure:4965: $? = 0
configure:4965: result: yes
configure:4965: checking for sys/stat.h
configure:4965: g++ -c   conftest.cpp >&5
configure:4965: $? = 0
configure:4965: result: yes
configure:4965: checking for stdlib.h
configure:4965: g++ -c   conftest.cpp >&5
configure:4965: $? = 0
configure:4965: result: yes
configure:4965: checking for string.h
configure:4965: g++ -c   conftest.cpp >&5
configure:4965: $? = 0
configure:4965: result: yes
configure:4965: checking for memory.h
configure:4965: g++ -c   conftest.cpp >&5
configure:4965: $? = 0
configure:4965: result: yes
configure:4965: checking for strings.h
configure:4965: g++ -c   conftest.cpp >&5
configure:4965: $? = 0
configure:4965: result: yes
configure:4965: checking for inttypes.h
configure:4965: g++ -c   conftest.cpp >&5
configure:4965: $? = 0
configure:4965: result: yes
configure:4965: checking for stdint.h
configure:4965: g++ -c   conftest.cpp >&5
configure:4965: $? = 0
configure:4965: result: yes
configure:4965: checking for unistd.h
configure:4965: g++ -c   conftest.cpp >&5
configure:4965: $? = 0
configure:4965: result: yes
configure:4979: checking minix/config.h usability
configure:4979: g++ -c   conftest.cpp >&5
conftest.cpp:54:26: fatal error: minix/config.h: No such file or directory
compilation terminated.
configure:4979: $? = 1
configure: failed program was:
| /* confdefs.h */
| #define PACKAGE_NAME "Protocol Buffers"
| #define PACKAGE_TARNAME "protobuf"
| #define PACKAGE_VERSION "2.4.1"
| #define PACKAGE_STRING "Protocol Buffers 2.4.1"
| #define PACKAGE_BUGREPORT "protobuf@googlegroups.com"
| #define PACKAGE_URL ""
| #define PACKAGE "protobuf"
| #define VERSION "2.4.1"
| #define STDC_HEADERS 1
| #define HAVE_SYS_TYPES_H 1
| #define HAVE_SYS_STAT_H 1
| #define HAVE_STDLIB_H 1
| #define HAVE_STRING_H 1
| #define HAVE_MEMORY_H 1
| #define HAVE_STRINGS_H 1
| #define HAVE_INTTYPES_H 1
| #define HAVE_STDINT_H 1
| #define HAVE_UNISTD_H 1
| /* end confdefs.h.  */
| #include <stdio.h>
| #ifdef HAVE_SYS_TYPES_H
| # include <sys/types.h>
| #endif
| #ifdef HAVE_SYS_STAT_H
| # include <sys/stat.h>
| #endif
| #ifdef STDC_HEADERS
| # include <stdlib.h>
| # include <stddef.h>
| #else
| # ifdef HAVE_STDLIB_H
| #  include <stdlib.h>
| # endif
| #endif
| #ifdef HAVE_STRING_H
| # if !defined STDC_HEADERS && defined HAVE_MEMORY_H
| #  include <memory.h>
| # endif
| # include <string.h>
| #endif
| #ifdef HAVE_STRINGS_H
| # include <strings.h>
| #endif
| #ifdef HAVE_INTTYPES_H
| # include <inttypes.h>
| #endif
| #ifdef HAVE_STDINT_H
| # include <stdint.h>
| #endif
| #ifdef HAVE_UNISTD_H
| # include <unistd.h>
| #endif
| #include <minix/config.h>
configure:4979: result: no
configure:4979: checking minix/config.h presence
configure:4979: g++ -E  conftest.cpp
conftest.cpp:21:26: fatal error: minix/config.h: No such file or directory
compilation terminated.
configure:4979: $? = 1
configure: failed program was:
| /* confdefs.h */
| #define PACKAGE_NAME "Protocol Buffers"
| #define PACKAGE_TARNAME "protobuf"
| #define PACKAGE_VERSION "2.4.1"
| #define PACKAGE_STRING "Protocol Buffers 2.4.1"
| #define PACKAGE_BUGREPORT "protobuf@googlegroups.com"
| #define PACKAGE_URL ""
| #define PACKAGE "protobuf"
| #define VERSION "2.4.1"
| #define STDC_HEADERS 1
| #define HAVE_SYS_TYPES_H 1
| #define HAVE_SYS_STAT_H 1
| #define HAVE_STDLIB_H 1
| #define HAVE_STRING_H 1
| #define HAVE_MEMORY_H 1
| #define HAVE_STRINGS_H 1
| #define HAVE_INTTYPES_H 1
| #define HAVE_STDINT_H 1
| #define HAVE_UNISTD_H 1
| /* end confdefs.h.  */
| #include <minix/config.h>
configure:4979: result: no
configure:4979: checking for minix/config.h
configure:4979: result: no
configure:5000: checking whether it is safe to define __EXTENSIONS__
configure:5018: g++ -c   conftest.cpp >&5
configure:5018: $? = 0
configure:5025: result: yes
configure:5054: checking C++ compiler flags...
configure:5070: result: use default: -O2  -g -DNDEBUG
configure:5090: checking whether __SUNPRO_CC is declared
configure:5090: g++ -c  -g -DNDEBUG  conftest.cpp >&5
conftest.cpp: In function 'int main()':
conftest.cpp:63:10: error: '__SUNPRO_CC' was not declared in this scope
configure:5090: $? = 1
configure: failed program was:
| /* confdefs.h */
| #define PACKAGE_NAME "Protocol Buffers"
| #define PACKAGE_TARNAME "protobuf"
| #define PACKAGE_VERSION "2.4.1"
| #define PACKAGE_STRING "Protocol Buffers 2.4.1"
| #define PACKAGE_BUGREPORT "protobuf@googlegroups.com"
| #define PACKAGE_URL ""
| #define PACKAGE "protobuf"
| #define VERSION "2.4.1"
| #define STDC_HEADERS 1
| #define HAVE_SYS_TYPES_H 1
| #define HAVE_SYS_STAT_H 1
| #define HAVE_STDLIB_H 1
| #define HAVE_STRING_H 1
| #define HAVE_MEMORY_H 1
| #define HAVE_STRINGS_H 1
| #define HAVE_INTTYPES_H 1
| #define HAVE_STDINT_H 1
| #define HAVE_UNISTD_H 1
| #define __EXTENSIONS__ 1
| #define _ALL_SOURCE 1
| #define _GNU_SOURCE 1
| #define _POSIX_PTHREAD_SEMANTICS 1
| #define _TANDEM_SOURCE 1
| /* end confdefs.h.  */
| #include <stdio.h>
| #ifdef HAVE_SYS_TYPES_H
| # include <sys/types.h>
| #endif
| #ifdef HAVE_SYS_STAT_H
| # include <sys/stat.h>
| #endif
| #ifdef STDC_HEADERS
| # include <stdlib.h>
| # include <stddef.h>
| #else
| # ifdef HAVE_STDLIB_H
| #  include <stdlib.h>
| # endif
| #endif
| #ifdef HAVE_STRING_H
| # if !defined STDC_HEADERS && defined HAVE_MEMORY_H
| #  include <memory.h>
| # endif
| # include <string.h>
| #endif
| #ifdef HAVE_STRINGS_H
| # include <strings.h>
| #endif
| #ifdef HAVE_INTTYPES_H
| # include <inttypes.h>
| #endif
| #ifdef HAVE_STDINT_H
| # include <stdint.h>
| #endif
| #ifdef HAVE_UNISTD_H
| # include <unistd.h>
| #endif
| int
| main ()
| {
| #ifndef __SUNPRO_CC
|   (void) __SUNPRO_CC;
| #endif
| 
|   ;
|   return 0;
| }
configure:5090: result: no
configure:5241: checking for a sed that does not truncate output
configure:5305: result: /bin/sed
configure:5323: checking for fgrep
configure:5385: result: /bin/grep -F
configure:5420: checking for ld used by gcc
configure:5487: result: e:/mingw/mingw32/bin/ld.exe
configure:5494: checking if the linker (e:/mingw/mingw32/bin/ld.exe) is GNU ld
configure:5509: result: yes
configure:5521: checking for BSD- or MS-compatible name lister (nm)
configure:5570: result: /mingw/bin/nm
configure:5688: checking the name lister (/mingw/bin/nm) interface
configure:5695: g++ -c  -g -DNDEBUG  conftest.cpp >&5
configure:5698: /mingw/bin/nm "conftest.o"
configure:5701: output
00000000 b .bss
00000000 d .data
00000000 N .debug_abbrev
00000000 N .debug_aranges
00000000 N .debug_info
00000000 N .debug_line
00000000 t .text
00000000 B _some_variable
configure:5708: result: BSD nm
configure:5711: checking whether ln -s works
configure:5718: result: no, using cp -p
configure:5723: checking the maximum length of command line arguments
configure:5843: result: 8192
configure:5860: checking whether the shell understands some XSI constructs
configure:5870: result: yes
configure:5874: checking whether the shell understands "+="
configure:5880: result: yes
configure:5915: checking for e:/mingw/mingw32/bin/ld.exe option to reload object files
configure:5922: result: -r
configure:5991: checking for objdump
configure:6007: found /mingw/bin/objdump
configure:6018: result: objdump
configure:6050: checking how to recognize dependent libraries
configure:6246: result: file_magic ^x86 archive import|^x86 DLL
configure:6306: checking for ar
configure:6322: found /mingw/bin/ar
configure:6333: result: ar
configure:6411: checking for strip
configure:6427: found /mingw/bin/strip
configure:6438: result: strip
configure:6510: checking for ranlib
configure:6526: found /mingw/bin/ranlib
configure:6537: result: ranlib
configure:6627: checking command to parse /mingw/bin/nm output from gcc object
configure:6745: g++ -c  -g -DNDEBUG  conftest.cpp >&5
configure:6748: $? = 0
configure:6752: /mingw/bin/nm conftest.o \| sed -n -e 's/^.*[	 ]\([ABCDGIRSTW][ABCDGIRSTW]*\)[	 ][	 ]*\([_A-Za-z][_A-Za-z0-9]*\)\{0,1\}$/\1 \2 \2/p' \> conftest.nm
configure:6755: $? = 0
cannot find nm_test_var in conftest.nm
configure:6745: g++ -c  -g -DNDEBUG  conftest.cpp >&5
configure:6748: $? = 0
configure:6752: /mingw/bin/nm conftest.o \| sed -n -e 's/^.*[	 ]\([ABCDGIRSTW][ABCDGIRSTW]*\)[	 ][	 ]*_\([_A-Za-z][_A-Za-z0-9]*\)\{0,1\}$/\1 _\2 \2/p' \> conftest.nm
configure:6755: $? = 0
configure:6809: g++ -o conftest.exe  -g -DNDEBUG   conftest.cpp conftstm.o >&5
configure:6812: $? = 0
configure:6850: result: ok
configure:7656: checking for dlfcn.h
configure:7656: g++ -c  -g -DNDEBUG  conftest.cpp >&5
conftest.cpp:60:19: fatal error: dlfcn.h: No such file or directory
compilation terminated.
configure:7656: $? = 1
configure: failed program was:
| /* confdefs.h */
| #define PACKAGE_NAME "Protocol Buffers"
| #define PACKAGE_TARNAME "protobuf"
| #define PACKAGE_VERSION "2.4.1"
| #define PACKAGE_STRING "Protocol Buffers 2.4.1"
| #define PACKAGE_BUGREPORT "protobuf@googlegroups.com"
| #define PACKAGE_URL ""
| #define PACKAGE "protobuf"
| #define VERSION "2.4.1"
| #define STDC_HEADERS 1
| #define HAVE_SYS_TYPES_H 1
| #define HAVE_SYS_STAT_H 1
| #define HAVE_STDLIB_H 1
| #define HAVE_STRING_H 1
| #define HAVE_MEMORY_H 1
| #define HAVE_STRINGS_H 1
| #define HAVE_INTTYPES_H 1
| #define HAVE_STDINT_H 1
| #define HAVE_UNISTD_H 1
| #define __EXTENSIONS__ 1
| #define _ALL_SOURCE 1
| #define _GNU_SOURCE 1
| #define _POSIX_PTHREAD_SEMANTICS 1
| #define _TANDEM_SOURCE 1
| /* end confdefs.h.  */
| #include <stdio.h>
| #ifdef HAVE_SYS_TYPES_H
| # include <sys/types.h>
| #endif
| #ifdef HAVE_SYS_STAT_H
| # include <sys/stat.h>
| #endif
| #ifdef STDC_HEADERS
| # include <stdlib.h>
| # include <stddef.h>
| #else
| # ifdef HAVE_STDLIB_H
| #  include <stdlib.h>
| # endif
| #endif
| #ifdef HAVE_STRING_H
| # if !defined STDC_HEADERS && defined HAVE_MEMORY_H
| #  include <memory.h>
| # endif
| # include <string.h>
| #endif
| #ifdef HAVE_STRINGS_H
| # include <strings.h>
| #endif
| #ifdef HAVE_INTTYPES_H
| # include <inttypes.h>
| #endif
| #ifdef HAVE_STDINT_H
| # include <stdint.h>
| #endif
| #ifdef HAVE_UNISTD_H
| # include <unistd.h>
| #endif
| 
| #include <dlfcn.h>
configure:7656: result: no
configure:7781: checking for C++ compiler version
configure:7790: g++ --version >&5
g++.exe (GCC) 4.7.0
Copyright (C) 2012 Free Software Foundation, Inc.
This is free software; see the source for copying conditions.  There is NO
warranty; not even for MERCHANTABILITY or FITNESS FOR A PARTICULAR PURPOSE.

configure:7801: $? = 0
configure:7790: g++ -v >&5
Using built-in specs.
COLLECT_GCC=E:\MinGW\bin\g++.exe
COLLECT_LTO_WRAPPER=e:/mingw/bin/../libexec/gcc/mingw32/4.7.0/lto-wrapper.exe
Target: mingw32
Configured with: ../gcc-4.7.0/configure --enable-languages=c,c++,ada,fortran,objc,obj-c++ --disable-sjlj-exceptions --with-dwarf2 --enable-shared --enable-libgomp --disable-win32-registry --enable-libstdcxx-debug --disable-build-poststage1-with-cxx --enable-version-specific-runtime-libs --build=mingw32 --prefix=/mingw
Thread model: win32
gcc version 4.7.0 (GCC) 
configure:7801: $? = 0
configure:7790: g++ -V >&5
g++.exe: error: unrecognized command line option '-V'
g++.exe: fatal error: no input files
compilation terminated.
configure:7801: $? = 1
configure:7790: g++ -qversion >&5
g++.exe: error: unrecognized command line option '-qversion'
g++.exe: fatal error: no input files
compilation terminated.
configure:7801: $? = 1
configure:7805: checking whether we are using the GNU C++ compiler
configure:7833: result: yes
configure:7842: checking whether g++ accepts -g
configure:7903: result: yes
configure:7928: checking dependency style of g++
configure:8038: result: gcc3
configure:8061: checking how to run the C++ preprocessor
configure:8127: result: g++ -E
configure:8147: g++ -E  conftest.cpp
configure:8147: $? = 0
configure:8161: g++ -E  conftest.cpp
conftest.cpp:26:28: fatal error: ac_nonexistent.h: No such file or directory
compilation terminated.
configure:8161: $? = 1
configure: failed program was:
| /* confdefs.h */
| #define PACKAGE_NAME "Protocol Buffers"
| #define PACKAGE_TARNAME "protobuf"
| #define PACKAGE_VERSION "2.4.1"
| #define PACKAGE_STRING "Protocol Buffers 2.4.1"
| #define PACKAGE_BUGREPORT "protobuf@googlegroups.com"
| #define PACKAGE_URL ""
| #define PACKAGE "protobuf"
| #define VERSION "2.4.1"
| #define STDC_HEADERS 1
| #define HAVE_SYS_TYPES_H 1
| #define HAVE_SYS_STAT_H 1
| #define HAVE_STDLIB_H 1
| #define HAVE_STRING_H 1
| #define HAVE_MEMORY_H 1
| #define HAVE_STRINGS_H 1
| #define HAVE_INTTYPES_H 1
| #define HAVE_STDINT_H 1
| #define HAVE_UNISTD_H 1
| #define __EXTENSIONS__ 1
| #define _ALL_SOURCE 1
| #define _GNU_SOURCE 1
| #define _POSIX_PTHREAD_SEMANTICS 1
| #define _TANDEM_SOURCE 1
| /* end confdefs.h.  */
| #include <ac_nonexistent.h>
configure:8366: checking for objdir
configure:8381: result: .libs
configure:8677: checking if gcc supports -fno-rtti -fno-exceptions
configure:8695: gcc -c   -fno-rtti -fno-exceptions conftest.c >&5
cc1.exe: warning: command line option '-fno-rtti' is valid for C++/ObjC++ but not for C [enabled by default]
configure:8699: $? = 0
configure:8712: result: no
configure:8732: checking for gcc option to produce PIC
configure:9004: result: -DDLL_EXPORT -DPIC
configure:9016: checking if gcc PIC flag -DDLL_EXPORT -DPIC works
configure:9034: gcc -c   -DDLL_EXPORT -DPIC -DPIC conftest.c >&5
configure:9038: $? = 0
configure:9051: result: yes
configure:9075: checking if gcc static flag -static works
configure:9103: result: yes
configure:9118: checking if gcc supports -c -o file.o
configure:9139: gcc -c   -o out/conftest2.o conftest.c >&5
configure:9143: $? = 0
configure:9165: result: yes
configure:9173: checking if gcc supports -c -o file.o
configure:9220: result: yes
configure:9253: checking whether the gcc linker (e:/mingw/mingw32/bin/ld.exe) supports shared libraries
configure:10244: result: yes
configure:10281: checking whether -lc should be explicitly linked in
configure:10286: gcc -c   conftest.c >&5
configure:10289: $? = 0
configure:10304: gcc -shared conftest.o  -v -o ./conftest -Wl,--enable-auto-image-base -Xlinker --out-implib -Xlinker conftest 2\>\&1 \| /bin/grep  -lc  \>/dev/null 2\>\&1
configure:10307: $? = 1
configure:10319: result: yes
configure:10483: checking dynamic linker characteristics
configure:11146: result: Win32 ld.exe
configure:11248: checking how to hardcode library paths into programs
configure:11273: result: immediate
configure:11793: checking whether stripping libraries is possible
configure:11798: result: yes
configure:11833: checking if libtool supports shared libraries
configure:11835: result: yes
configure:11838: checking whether to build shared libraries
configure:11859: result: yes
configure:11862: checking whether to build static libraries
configure:11866: result: yes
configure:12016: checking for ld used by g++
configure:12083: result: e:/mingw/mingw32/bin/ld.exe
configure:12090: checking if the linker (e:/mingw/mingw32/bin/ld.exe) is GNU ld
configure:12105: result: yes
configure:12160: checking whether the g++ linker (e:/mingw/mingw32/bin/ld.exe) supports shared libraries
configure:13073: result: yes
configure:13101: g++ -c  -g -DNDEBUG  conftest.cpp >&5
configure:13104: $? = 0
configure:13286: checking for g++ option to produce PIC
configure:13603: result: -DDLL_EXPORT -DPIC
configure:13612: checking if g++ PIC flag -DDLL_EXPORT -DPIC works
configure:13630: g++ -c  -g -DNDEBUG  -DDLL_EXPORT -DPIC -DPIC conftest.cpp >&5
configure:13634: $? = 0
configure:13647: result: yes
configure:13668: checking if g++ static flag -static works
configure:13696: result: yes
configure:13708: checking if g++ supports -c -o file.o
configure:13729: g++ -c  -g -DNDEBUG  -o out/conftest2.o conftest.cpp >&5
configure:13733: $? = 0
configure:13755: result: yes
configure:13760: checking if g++ supports -c -o file.o
configure:13807: result: yes
configure:13837: checking whether the g++ linker (e:/mingw/mingw32/bin/ld.exe) supports shared libraries
configure:13866: result: yes
configure:14003: checking dynamic linker characteristics
configure:14614: result: Win32 ld.exe
configure:14665: checking how to hardcode library paths into programs
configure:14690: result: immediate
configure:14750: checking for ANSI C header files
configure:14854: result: yes
configure:14865: checking fcntl.h usability
configure:14865: g++ -c  -g -DNDEBUG  conftest.cpp >&5
configure:14865: $? = 0
configure:14865: result: yes
configure:14865: checking fcntl.h presence
configure:14865: g++ -E  conftest.cpp
configure:14865: $? = 0
configure:14865: result: yes
configure:14865: checking for fcntl.h
configure:14865: result: yes
configure:14865: checking for inttypes.h
configure:14865: result: yes
configure:14865: checking limits.h usability
configure:14865: g++ -c  -g -DNDEBUG  conftest.cpp >&5
configure:14865: $? = 0
configure:14865: result: yes
configure:14865: checking limits.h presence
configure:14865: g++ -E  conftest.cpp
configure:14865: $? = 0
configure:14865: result: yes
configure:14865: checking for limits.h
configure:14865: result: yes
configure:14865: checking for stdlib.h
configure:14865: result: yes
configure:14865: checking for unistd.h
configure:14865: result: yes
configure:14878: checking for working memcmp
configure:14921: g++ -o conftest.exe  -g -DNDEBUG   conftest.cpp  >&5
configure:14921: $? = 0
configure:14921: ./conftest.exe
configure:14921: $? = 0
configure:14931: result: yes
configure:14940: checking for working strtod
configure:14981: g++ -o conftest.exe  -g -DNDEBUG   conftest.cpp  >&5
conftest.cpp: In function 'int main()':
conftest.cpp:75:20: warning: deprecated conversion from string constant to 'char*' [-Wwrite-strings]
conftest.cpp:86:20: warning: deprecated conversion from string constant to 'char*' [-Wwrite-strings]
configure:14981: $? = 0
configure:14981: ./conftest.exe
configure:14981: $? = 0
configure:14991: result: yes
configure:15056: checking for ftruncate
configure:15056: g++ -o conftest.exe  -g -DNDEBUG   conftest.cpp  >&5
configure:15056: $? = 0
configure:15056: result: yes
configure:15056: checking for memset
configure:15056: g++ -o conftest.exe  -g -DNDEBUG   conftest.cpp  >&5
configure:15056: $? = 0
configure:15056: result: yes
configure:15056: checking for mkdir
configure:15056: g++ -o conftest.exe  -g -DNDEBUG   conftest.cpp  >&5
configure:15056: $? = 0
configure:15056: result: yes
configure:15056: checking for strchr
configure:15056: g++ -o conftest.exe  -g -DNDEBUG   conftest.cpp  >&5
configure:15056: $? = 0
configure:15056: result: yes
configure:15056: checking for strerror
configure:15056: g++ -o conftest.exe  -g -DNDEBUG   conftest.cpp  >&5
configure:15056: $? = 0
configure:15056: result: yes
configure:15056: checking for strtol
configure:15056: g++ -o conftest.exe  -g -DNDEBUG   conftest.cpp  >&5
configure:15056: $? = 0
configure:15056: result: yes
configure:15071: checking zlib version
configure:15091: g++ -c  -g -DNDEBUG  conftest.cpp >&5
conftest.cpp:40:26: fatal error: zlib.h: No such file or directory
compilation terminated.
configure:15091: $? = 1
configure: failed program was:
| /* confdefs.h */
| #define PACKAGE_NAME "Protocol Buffers"
| #define PACKAGE_TARNAME "protobuf"
| #define PACKAGE_VERSION "2.4.1"
| #define PACKAGE_STRING "Protocol Buffers 2.4.1"
| #define PACKAGE_BUGREPORT "protobuf@googlegroups.com"
| #define PACKAGE_URL ""
| #define PACKAGE "protobuf"
| #define VERSION "2.4.1"
| #define STDC_HEADERS 1
| #define HAVE_SYS_TYPES_H 1
| #define HAVE_SYS_STAT_H 1
| #define HAVE_STDLIB_H 1
| #define HAVE_STRING_H 1
| #define HAVE_MEMORY_H 1
| #define HAVE_STRINGS_H 1
| #define HAVE_INTTYPES_H 1
| #define HAVE_STDINT_H 1
| #define HAVE_UNISTD_H 1
| #define __EXTENSIONS__ 1
| #define _ALL_SOURCE 1
| #define _GNU_SOURCE 1
| #define _POSIX_PTHREAD_SEMANTICS 1
| #define _TANDEM_SOURCE 1
| #define LT_OBJDIR ".libs/"
| #define STDC_HEADERS 1
| #define HAVE_FCNTL_H 1
| #define HAVE_INTTYPES_H 1
| #define HAVE_LIMITS_H 1
| #define HAVE_STDLIB_H 1
| #define HAVE_UNISTD_H 1
| #define HAVE_FTRUNCATE 1
| #define HAVE_MEMSET 1
| #define HAVE_MKDIR 1
| #define HAVE_STRCHR 1
| #define HAVE_STRERROR 1
| #define HAVE_STRTOL 1
| /* end confdefs.h.  */
| 
|         #include <zlib.h>
|         #if !defined(ZLIB_VERNUM) || (ZLIB_VERNUM < 0x1204)
|         # error zlib version too old
|         #endif
| 
| int
| main ()
| {
| 
|   ;
|   return 0;
| }
configure:15174: result: headers missing or too old (requires 1.2.0.4)
configure:15396: checking for the pthreads library -lpthreads
configure:15429: gcc -o conftest.exe     conftest.c -lpthreads  >&5
e:/mingw/bin/../lib/gcc/mingw32/4.7.0/../../../../mingw32/bin/ld.exe: cannot find -lpthreads
collect2.exe: error: ld returned 1 exit status
configure:15429: $? = 1
configure: failed program was:
| /* confdefs.h */
| #define PACKAGE_NAME "Protocol Buffers"
| #define PACKAGE_TARNAME "protobuf"
| #define PACKAGE_VERSION "2.4.1"
| #define PACKAGE_STRING "Protocol Buffers 2.4.1"
| #define PACKAGE_BUGREPORT "protobuf@googlegroups.com"
| #define PACKAGE_URL ""
| #define PACKAGE "protobuf"
| #define VERSION "2.4.1"
| #define STDC_HEADERS 1
| #define HAVE_SYS_TYPES_H 1
| #define HAVE_SYS_STAT_H 1
| #define HAVE_STDLIB_H 1
| #define HAVE_STRING_H 1
| #define HAVE_MEMORY_H 1
| #define HAVE_STRINGS_H 1
| #define HAVE_INTTYPES_H 1
| #define HAVE_STDINT_H 1
| #define HAVE_UNISTD_H 1
| #define __EXTENSIONS__ 1
| #define _ALL_SOURCE 1
| #define _GNU_SOURCE 1
| #define _POSIX_PTHREAD_SEMANTICS 1
| #define _TANDEM_SOURCE 1
| #define LT_OBJDIR ".libs/"
| #define STDC_HEADERS 1
| #define HAVE_FCNTL_H 1
| #define HAVE_INTTYPES_H 1
| #define HAVE_LIMITS_H 1
| #define HAVE_STDLIB_H 1
| #define HAVE_UNISTD_H 1
| #define HAVE_FTRUNCATE 1
| #define HAVE_MEMSET 1
| #define HAVE_MKDIR 1
| #define HAVE_STRCHR 1
| #define HAVE_STRERROR 1
| #define HAVE_STRTOL 1
| /* end confdefs.h.  */
| #include <pthread.h>
| int
| main ()
| {
| pthread_t th; pthread_join(th, 0);
|                      pthread_attr_init(0); pthread_cleanup_push(0, 0);
|                      pthread_create(0,0,0,0); pthread_cleanup_pop(0);
|   ;
|   return 0;
| }
configure:15438: result: no
configure:15341: checking whether pthreads work without any flags
configure:15429: gcc -o conftest.exe     conftest.c   >&5
C:\Users\SLOPPY~1\AppData\Local\Temp\ccOUMRn7.o:conftest.c:(.text+0x26): undefined reference to `__imp__pthread_join'
C:\Users\SLOPPY~1\AppData\Local\Temp\ccOUMRn7.o:conftest.c:(.text+0x34): undefined reference to `__imp__pthread_attr_init'
C:\Users\SLOPPY~1\AppData\Local\Temp\ccOUMRn7.o:conftest.c:(.text+0x52): undefined reference to `__imp__ptw32_push_cleanup'
C:\Users\SLOPPY~1\AppData\Local\Temp\ccOUMRn7.o:conftest.c:(.text+0x78): undefined reference to `__imp__pthread_create'
C:\Users\SLOPPY~1\AppData\Local\Temp\ccOUMRn7.o:conftest.c:(.text+0x86): undefined reference to `__imp__ptw32_pop_cleanup'
collect2.exe: error: ld returned 1 exit status
configure:15429: $? = 1
configure: failed program was:
| /* confdefs.h */
| #define PACKAGE_NAME "Protocol Buffers"
| #define PACKAGE_TARNAME "protobuf"
| #define PACKAGE_VERSION "2.4.1"
| #define PACKAGE_STRING "Protocol Buffers 2.4.1"
| #define PACKAGE_BUGREPORT "protobuf@googlegroups.com"
| #define PACKAGE_URL ""
| #define PACKAGE "protobuf"
| #define VERSION "2.4.1"
| #define STDC_HEADERS 1
| #define HAVE_SYS_TYPES_H 1
| #define HAVE_SYS_STAT_H 1
| #define HAVE_STDLIB_H 1
| #define HAVE_STRING_H 1
| #define HAVE_MEMORY_H 1
| #define HAVE_STRINGS_H 1
| #define HAVE_INTTYPES_H 1
| #define HAVE_STDINT_H 1
| #define HAVE_UNISTD_H 1
| #define __EXTENSIONS__ 1
| #define _ALL_SOURCE 1
| #define _GNU_SOURCE 1
| #define _POSIX_PTHREAD_SEMANTICS 1
| #define _TANDEM_SOURCE 1
| #define LT_OBJDIR ".libs/"
| #define STDC_HEADERS 1
| #define HAVE_FCNTL_H 1
| #define HAVE_INTTYPES_H 1
| #define HAVE_LIMITS_H 1
| #define HAVE_STDLIB_H 1
| #define HAVE_UNISTD_H 1
| #define HAVE_FTRUNCATE 1
| #define HAVE_MEMSET 1
| #define HAVE_MKDIR 1
| #define HAVE_STRCHR 1
| #define HAVE_STRERROR 1
| #define HAVE_STRTOL 1
| /* end confdefs.h.  */
| #include <pthread.h>
| int
| main ()
| {
| pthread_t th; pthread_join(th, 0);
|                      pthread_attr_init(0); pthread_cleanup_push(0, 0);
|                      pthread_create(0,0,0,0); pthread_cleanup_pop(0);
|   ;
|   return 0;
| }
configure:15438: result: no
configure:15346: checking whether pthreads work with -Kthread
configure:15429: gcc -o conftest.exe  -Kthread   conftest.c   >&5
gcc.exe: error: unrecognized command line option '-Kthread'
configure:15429: $? = 1
configure: failed program was:
| /* confdefs.h */
| #define PACKAGE_NAME "Protocol Buffers"
| #define PACKAGE_TARNAME "protobuf"
| #define PACKAGE_VERSION "2.4.1"
| #define PACKAGE_STRING "Protocol Buffers 2.4.1"
| #define PACKAGE_BUGREPORT "protobuf@googlegroups.com"
| #define PACKAGE_URL ""
| #define PACKAGE "protobuf"
| #define VERSION "2.4.1"
| #define STDC_HEADERS 1
| #define HAVE_SYS_TYPES_H 1
| #define HAVE_SYS_STAT_H 1
| #define HAVE_STDLIB_H 1
| #define HAVE_STRING_H 1
| #define HAVE_MEMORY_H 1
| #define HAVE_STRINGS_H 1
| #define HAVE_INTTYPES_H 1
| #define HAVE_STDINT_H 1
| #define HAVE_UNISTD_H 1
| #define __EXTENSIONS__ 1
| #define _ALL_SOURCE 1
| #define _GNU_SOURCE 1
| #define _POSIX_PTHREAD_SEMANTICS 1
| #define _TANDEM_SOURCE 1
| #define LT_OBJDIR ".libs/"
| #define STDC_HEADERS 1
| #define HAVE_FCNTL_H 1
| #define HAVE_INTTYPES_H 1
| #define HAVE_LIMITS_H 1
| #define HAVE_STDLIB_H 1
| #define HAVE_UNISTD_H 1
| #define HAVE_FTRUNCATE 1
| #define HAVE_MEMSET 1
| #define HAVE_MKDIR 1
| #define HAVE_STRCHR 1
| #define HAVE_STRERROR 1
| #define HAVE_STRTOL 1
| /* end confdefs.h.  */
| #include <pthread.h>
| int
| main ()
| {
| pthread_t th; pthread_join(th, 0);
|                      pthread_attr_init(0); pthread_cleanup_push(0, 0);
|                      pthread_create(0,0,0,0); pthread_cleanup_pop(0);
|   ;
|   return 0;
| }
configure:15438: result: no
configure:15346: checking whether pthreads work with -kthread
configure:15429: gcc -o conftest.exe  -kthread   conftest.c   >&5
gcc.exe: error: unrecognized command line option '-kthread'
configure:15429: $? = 1
configure: failed program was:
| /* confdefs.h */
| #define PACKAGE_NAME "Protocol Buffers"
| #define PACKAGE_TARNAME "protobuf"
| #define PACKAGE_VERSION "2.4.1"
| #define PACKAGE_STRING "Protocol Buffers 2.4.1"
| #define PACKAGE_BUGREPORT "protobuf@googlegroups.com"
| #define PACKAGE_URL ""
| #define PACKAGE "protobuf"
| #define VERSION "2.4.1"
| #define STDC_HEADERS 1
| #define HAVE_SYS_TYPES_H 1
| #define HAVE_SYS_STAT_H 1
| #define HAVE_STDLIB_H 1
| #define HAVE_STRING_H 1
| #define HAVE_MEMORY_H 1
| #define HAVE_STRINGS_H 1
| #define HAVE_INTTYPES_H 1
| #define HAVE_STDINT_H 1
| #define HAVE_UNISTD_H 1
| #define __EXTENSIONS__ 1
| #define _ALL_SOURCE 1
| #define _GNU_SOURCE 1
| #define _POSIX_PTHREAD_SEMANTICS 1
| #define _TANDEM_SOURCE 1
| #define LT_OBJDIR ".libs/"
| #define STDC_HEADERS 1
| #define HAVE_FCNTL_H 1
| #define HAVE_INTTYPES_H 1
| #define HAVE_LIMITS_H 1
| #define HAVE_STDLIB_H 1
| #define HAVE_UNISTD_H 1
| #define HAVE_FTRUNCATE 1
| #define HAVE_MEMSET 1
| #define HAVE_MKDIR 1
| #define HAVE_STRCHR 1
| #define HAVE_STRERROR 1
| #define HAVE_STRTOL 1
| /* end confdefs.h.  */
| #include <pthread.h>
| int
| main ()
| {
| pthread_t th; pthread_join(th, 0);
|                      pthread_attr_init(0); pthread_cleanup_push(0, 0);
|                      pthread_create(0,0,0,0); pthread_cleanup_pop(0);
|   ;
|   return 0;
| }
configure:15438: result: no
configure:15396: checking for the pthreads library -llthread
configure:15429: gcc -o conftest.exe     conftest.c -llthread  >&5
e:/mingw/bin/../lib/gcc/mingw32/4.7.0/../../../../mingw32/bin/ld.exe: cannot find -llthread
collect2.exe: error: ld returned 1 exit status
configure:15429: $? = 1
configure: failed program was:
| /* confdefs.h */
| #define PACKAGE_NAME "Protocol Buffers"
| #define PACKAGE_TARNAME "protobuf"
| #define PACKAGE_VERSION "2.4.1"
| #define PACKAGE_STRING "Protocol Buffers 2.4.1"
| #define PACKAGE_BUGREPORT "protobuf@googlegroups.com"
| #define PACKAGE_URL ""
| #define PACKAGE "protobuf"
| #define VERSION "2.4.1"
| #define STDC_HEADERS 1
| #define HAVE_SYS_TYPES_H 1
| #define HAVE_SYS_STAT_H 1
| #define HAVE_STDLIB_H 1
| #define HAVE_STRING_H 1
| #define HAVE_MEMORY_H 1
| #define HAVE_STRINGS_H 1
| #define HAVE_INTTYPES_H 1
| #define HAVE_STDINT_H 1
| #define HAVE_UNISTD_H 1
| #define __EXTENSIONS__ 1
| #define _ALL_SOURCE 1
| #define _GNU_SOURCE 1
| #define _POSIX_PTHREAD_SEMANTICS 1
| #define _TANDEM_SOURCE 1
| #define LT_OBJDIR ".libs/"
| #define STDC_HEADERS 1
| #define HAVE_FCNTL_H 1
| #define HAVE_INTTYPES_H 1
| #define HAVE_LIMITS_H 1
| #define HAVE_STDLIB_H 1
| #define HAVE_UNISTD_H 1
| #define HAVE_FTRUNCATE 1
| #define HAVE_MEMSET 1
| #define HAVE_MKDIR 1
| #define HAVE_STRCHR 1
| #define HAVE_STRERROR 1
| #define HAVE_STRTOL 1
| /* end confdefs.h.  */
| #include <pthread.h>
| int
| main ()
| {
| pthread_t th; pthread_join(th, 0);
|                      pthread_attr_init(0); pthread_cleanup_push(0, 0);
|                      pthread_create(0,0,0,0); pthread_cleanup_pop(0);
|   ;
|   return 0;
| }
configure:15438: result: no
configure:15346: checking whether pthreads work with -pthread
configure:15429: gcc -o conftest.exe  -pthread   conftest.c   >&5
configure:15429: $? = 0
configure:15438: result: yes
configure:15457: checking for joinable pthread attribute
configure:15472: gcc -o conftest.exe  -pthread   conftest.c   >&5
configure:15472: $? = 0
configure:15478: result: PTHREAD_CREATE_JOINABLE
configure:15488: checking if more special flags are required for pthreads
configure:15495: result: no
configure:15584: checking whether to check for GCC pthread/shared inconsistencies
configure:15597: gcc -o conftest.exe -shared -fPIC -Wl,-z,defs  -pthread   conftest.c   >&5
conftest.c:1:0: warning: -fPIC ignored for target (all code is position independent) [enabled by default]
e:/mingw/bin/../lib/gcc/mingw32/4.7.0/../../../../mingw32/bin/ld.exe: unrecognized option '-z'
e:/mingw/bin/../lib/gcc/mingw32/4.7.0/../../../../mingw32/bin/ld.exe: use the --help option for usage information
collect2.exe: error: ld returned 1 exit status
configure:15597: $? = 1
configure: failed program was:
| /* confdefs.h */
| #define PACKAGE_NAME "Protocol Buffers"
| #define PACKAGE_TARNAME "protobuf"
| #define PACKAGE_VERSION "2.4.1"
| #define PACKAGE_STRING "Protocol Buffers 2.4.1"
| #define PACKAGE_BUGREPORT "protobuf@googlegroups.com"
| #define PACKAGE_URL ""
| #define PACKAGE "protobuf"
| #define VERSION "2.4.1"
| #define STDC_HEADERS 1
| #define HAVE_SYS_TYPES_H 1
| #define HAVE_SYS_STAT_H 1
| #define HAVE_STDLIB_H 1
| #define HAVE_STRING_H 1
| #define HAVE_MEMORY_H 1
| #define HAVE_STRINGS_H 1
| #define HAVE_INTTYPES_H 1
| #define HAVE_STDINT_H 1
| #define HAVE_UNISTD_H 1
| #define __EXTENSIONS__ 1
| #define _ALL_SOURCE 1
| #define _GNU_SOURCE 1
| #define _POSIX_PTHREAD_SEMANTICS 1
| #define _TANDEM_SOURCE 1
| #define LT_OBJDIR ".libs/"
| #define STDC_HEADERS 1
| #define HAVE_FCNTL_H 1
| #define HAVE_INTTYPES_H 1
| #define HAVE_LIMITS_H 1
| #define HAVE_STDLIB_H 1
| #define HAVE_UNISTD_H 1
| #define HAVE_FTRUNCATE 1
| #define HAVE_MEMSET 1
| #define HAVE_MKDIR 1
| #define HAVE_STRCHR 1
| #define HAVE_STRERROR 1
| #define HAVE_STRTOL 1
| /* end confdefs.h.  */
| 
| int
| main ()
| {
| 
|   ;
|   return 0;
| }
configure:15606: result: no
configure:15725: checking whether what we have so far is sufficient with -nostdlib
configure:15743: gcc -o conftest.exe -nostdlib -shared -fPIC -Wl,-z,defs  -pthread   conftest.c   -lc >&5
conftest.c:1:0: warning: -fPIC ignored for target (all code is position independent) [enabled by default]
e:/mingw/bin/../lib/gcc/mingw32/4.7.0/../../../../mingw32/bin/ld.exe: unrecognized option '-z'
e:/mingw/bin/../lib/gcc/mingw32/4.7.0/../../../../mingw32/bin/ld.exe: use the --help option for usage information
collect2.exe: error: ld returned 1 exit status
configure:15743: $? = 1
configure: failed program was:
| /* confdefs.h */
| #define PACKAGE_NAME "Protocol Buffers"
| #define PACKAGE_TARNAME "protobuf"
| #define PACKAGE_VERSION "2.4.1"
| #define PACKAGE_STRING "Protocol Buffers 2.4.1"
| #define PACKAGE_BUGREPORT "protobuf@googlegroups.com"
| #define PACKAGE_URL ""
| #define PACKAGE "protobuf"
| #define VERSION "2.4.1"
| #define STDC_HEADERS 1
| #define HAVE_SYS_TYPES_H 1
| #define HAVE_SYS_STAT_H 1
| #define HAVE_STDLIB_H 1
| #define HAVE_STRING_H 1
| #define HAVE_MEMORY_H 1
| #define HAVE_STRINGS_H 1
| #define HAVE_INTTYPES_H 1
| #define HAVE_STDINT_H 1
| #define HAVE_UNISTD_H 1
| #define __EXTENSIONS__ 1
| #define _ALL_SOURCE 1
| #define _GNU_SOURCE 1
| #define _POSIX_PTHREAD_SEMANTICS 1
| #define _TANDEM_SOURCE 1
| #define LT_OBJDIR ".libs/"
| #define STDC_HEADERS 1
| #define HAVE_FCNTL_H 1
| #define HAVE_INTTYPES_H 1
| #define HAVE_LIMITS_H 1
| #define HAVE_STDLIB_H 1
| #define HAVE_UNISTD_H 1
| #define HAVE_FTRUNCATE 1
| #define HAVE_MEMSET 1
| #define HAVE_MKDIR 1
| #define HAVE_STRCHR 1
| #define HAVE_STRERROR 1
| #define HAVE_STRTOL 1
| /* end confdefs.h.  */
| #include <pthread.h>
| int
| main ()
| {
| pthread_t th; pthread_join(th, 0);
| 	       pthread_attr_init(0); pthread_cleanup_push(0, 0);
| 	       pthread_create(0,0,0,0); pthread_cleanup_pop(0);
|   ;
|   return 0;
| }
configure:15755: result: no
configure:15760: checking whether -lpthread saves the day
configure:15776: gcc -o conftest.exe -nostdlib -shared -fPIC -Wl,-z,defs  -pthread   conftest.c -lpthread   -lc >&5
conftest.c:1:0: warning: -fPIC ignored for target (all code is position independent) [enabled by default]
e:/mingw/bin/../lib/gcc/mingw32/4.7.0/../../../../mingw32/bin/ld.exe: unrecognized option '-z'
e:/mingw/bin/../lib/gcc/mingw32/4.7.0/../../../../mingw32/bin/ld.exe: use the --help option for usage information
collect2.exe: error: ld returned 1 exit status
configure:15776: $? = 1
configure: failed program was:
| /* confdefs.h */
| #define PACKAGE_NAME "Protocol Buffers"
| #define PACKAGE_TARNAME "protobuf"
| #define PACKAGE_VERSION "2.4.1"
| #define PACKAGE_STRING "Protocol Buffers 2.4.1"
| #define PACKAGE_BUGREPORT "protobuf@googlegroups.com"
| #define PACKAGE_URL ""
| #define PACKAGE "protobuf"
| #define VERSION "2.4.1"
| #define STDC_HEADERS 1
| #define HAVE_SYS_TYPES_H 1
| #define HAVE_SYS_STAT_H 1
| #define HAVE_STDLIB_H 1
| #define HAVE_STRING_H 1
| #define HAVE_MEMORY_H 1
| #define HAVE_STRINGS_H 1
| #define HAVE_INTTYPES_H 1
| #define HAVE_STDINT_H 1
| #define HAVE_UNISTD_H 1
| #define __EXTENSIONS__ 1
| #define _ALL_SOURCE 1
| #define _GNU_SOURCE 1
| #define _POSIX_PTHREAD_SEMANTICS 1
| #define _TANDEM_SOURCE 1
| #define LT_OBJDIR ".libs/"
| #define STDC_HEADERS 1
| #define HAVE_FCNTL_H 1
| #define HAVE_INTTYPES_H 1
| #define HAVE_LIMITS_H 1
| #define HAVE_STDLIB_H 1
| #define HAVE_UNISTD_H 1
| #define HAVE_FTRUNCATE 1
| #define HAVE_MEMSET 1
| #define HAVE_MKDIR 1
| #define HAVE_STRCHR 1
| #define HAVE_STRERROR 1
| #define HAVE_STRTOL 1
| /* end confdefs.h.  */
| #include <pthread.h>
| int
| main ()
| {
| pthread_t th; pthread_join(th, 0);
| 	       pthread_attr_init(0); pthread_cleanup_push(0, 0);
| 	       pthread_create(0,0,0,0); pthread_cleanup_pop(0);
|   ;
|   return 0;
| }
configure:15789: result: no
configure:15791: WARNING: Impossible to determine how to use pthreads with shared libraries and -nostdlib
configure:15825: checking the location of hash_map
configure:15851: g++ -c  -g -DNDEBUG  conftest.cpp >&5
configure:15851: $? = 0
configure:15873: g++ -c  -g -DNDEBUG  conftest.cpp >&5
In file included from e:\mingw\bin\../lib/gcc/mingw32/4.7.0/include/c++/unordered_map:35:0,
                 from conftest.cpp:40:
e:\mingw\bin\../lib/gcc/mingw32/4.7.0/include/c++/bits/c++0x_warning.h:32:2: error: #error This file requires compiler and library support for the ISO C++ 2011 standard. This support is currently experimental, and must be enabled with the -std=c++11 or -std=gnu++11 compiler options.
conftest.cpp: In function 'int main()':
conftest.cpp:44:7: error: 'unordered_map' in namespace 'std' does not name a type
conftest.cpp:45:33: error: 't' was not declared in this scope
configure:15873: $? = 1
configure: failed program was:
| /* confdefs.h */
| #define PACKAGE_NAME "Protocol Buffers"
| #define PACKAGE_TARNAME "protobuf"
| #define PACKAGE_VERSION "2.4.1"
| #define PACKAGE_STRING "Protocol Buffers 2.4.1"
| #define PACKAGE_BUGREPORT "protobuf@googlegroups.com"
| #define PACKAGE_URL ""
| #define PACKAGE "protobuf"
| #define VERSION "2.4.1"
| #define STDC_HEADERS 1
| #define HAVE_SYS_TYPES_H 1
| #define HAVE_SYS_STAT_H 1
| #define HAVE_STDLIB_H 1
| #define HAVE_STRING_H 1
| #define HAVE_MEMORY_H 1
| #define HAVE_STRINGS_H 1
| #define HAVE_INTTYPES_H 1
| #define HAVE_STDINT_H 1
| #define HAVE_UNISTD_H 1
| #define __EXTENSIONS__ 1
| #define _ALL_SOURCE 1
| #define _GNU_SOURCE 1
| #define _POSIX_PTHREAD_SEMANTICS 1
| #define _TANDEM_SOURCE 1
| #define LT_OBJDIR ".libs/"
| #define STDC_HEADERS 1
| #define HAVE_FCNTL_H 1
| #define HAVE_INTTYPES_H 1
| #define HAVE_LIMITS_H 1
| #define HAVE_STDLIB_H 1
| #define HAVE_UNISTD_H 1
| #define HAVE_FTRUNCATE 1
| #define HAVE_MEMSET 1
| #define HAVE_MKDIR 1
| #define HAVE_STRCHR 1
| #define HAVE_STRERROR 1
| #define HAVE_STRTOL 1
| #define HAVE_PTHREAD 1
| /* end confdefs.h.  */
| #include <unordered_map>
| int
| main ()
| {
| const std::unordered_map<int, int> t;
|                          return t.find(5) == t.end();
|   ;
|   return 0;
| }
configure:15873: g++ -c  -g -DNDEBUG  conftest.cpp >&5
In file included from e:\mingw\bin\../lib/gcc/mingw32/4.7.0/include/c++/unordered_map:35:0,
                 from conftest.cpp:40:
e:\mingw\bin\../lib/gcc/mingw32/4.7.0/include/c++/bits/c++0x_warning.h:32:2: error: #error This file requires compiler and library support for the ISO C++ 2011 standard. This support is currently experimental, and must be enabled with the -std=c++11 or -std=gnu++11 compiler options.
conftest.cpp: In function 'int main()':
conftest.cpp:44:7: error: 'tr1' in namespace 'std' does not name a type
conftest.cpp:45:33: error: 't' was not declared in this scope
configure:15873: $? = 1
configure: failed program was:
| /* confdefs.h */
| #define PACKAGE_NAME "Protocol Buffers"
| #define PACKAGE_TARNAME "protobuf"
| #define PACKAGE_VERSION "2.4.1"
| #define PACKAGE_STRING "Protocol Buffers 2.4.1"
| #define PACKAGE_BUGREPORT "protobuf@googlegroups.com"
| #define PACKAGE_URL ""
| #define PACKAGE "protobuf"
| #define VERSION "2.4.1"
| #define STDC_HEADERS 1
| #define HAVE_SYS_TYPES_H 1
| #define HAVE_SYS_STAT_H 1
| #define HAVE_STDLIB_H 1
| #define HAVE_STRING_H 1
| #define HAVE_MEMORY_H 1
| #define HAVE_STRINGS_H 1
| #define HAVE_INTTYPES_H 1
| #define HAVE_STDINT_H 1
| #define HAVE_UNISTD_H 1
| #define __EXTENSIONS__ 1
| #define _ALL_SOURCE 1
| #define _GNU_SOURCE 1
| #define _POSIX_PTHREAD_SEMANTICS 1
| #define _TANDEM_SOURCE 1
| #define LT_OBJDIR ".libs/"
| #define STDC_HEADERS 1
| #define HAVE_FCNTL_H 1
| #define HAVE_INTTYPES_H 1
| #define HAVE_LIMITS_H 1
| #define HAVE_STDLIB_H 1
| #define HAVE_UNISTD_H 1
| #define HAVE_FTRUNCATE 1
| #define HAVE_MEMSET 1
| #define HAVE_MKDIR 1
| #define HAVE_STRCHR 1
| #define HAVE_STRERROR 1
| #define HAVE_STRTOL 1
| #define HAVE_PTHREAD 1
| /* end confdefs.h.  */
| #include <unordered_map>
| int
| main ()
| {
| const std::tr1::unordered_map<int, int> t;
|                          return t.find(5) == t.end();
|   ;
|   return 0;
| }
configure:15873: g++ -c  -g -DNDEBUG  conftest.cpp >&5
conftest.cpp: In function 'int main()':
conftest.cpp:44:7: error: 'unordered_map' in namespace 'std' does not name a type
conftest.cpp:45:33: error: 't' was not declared in this scope
configure:15873: $? = 1
configure: failed program was:
| /* confdefs.h */
| #define PACKAGE_NAME "Protocol Buffers"
| #define PACKAGE_TARNAME "protobuf"
| #define PACKAGE_VERSION "2.4.1"
| #define PACKAGE_STRING "Protocol Buffers 2.4.1"
| #define PACKAGE_BUGREPORT "protobuf@googlegroups.com"
| #define PACKAGE_URL ""
| #define PACKAGE "protobuf"
| #define VERSION "2.4.1"
| #define STDC_HEADERS 1
| #define HAVE_SYS_TYPES_H 1
| #define HAVE_SYS_STAT_H 1
| #define HAVE_STDLIB_H 1
| #define HAVE_STRING_H 1
| #define HAVE_MEMORY_H 1
| #define HAVE_STRINGS_H 1
| #define HAVE_INTTYPES_H 1
| #define HAVE_STDINT_H 1
| #define HAVE_UNISTD_H 1
| #define __EXTENSIONS__ 1
| #define _ALL_SOURCE 1
| #define _GNU_SOURCE 1
| #define _POSIX_PTHREAD_SEMANTICS 1
| #define _TANDEM_SOURCE 1
| #define LT_OBJDIR ".libs/"
| #define STDC_HEADERS 1
| #define HAVE_FCNTL_H 1
| #define HAVE_INTTYPES_H 1
| #define HAVE_LIMITS_H 1
| #define HAVE_STDLIB_H 1
| #define HAVE_UNISTD_H 1
| #define HAVE_FTRUNCATE 1
| #define HAVE_MEMSET 1
| #define HAVE_MKDIR 1
| #define HAVE_STRCHR 1
| #define HAVE_STRERROR 1
| #define HAVE_STRTOL 1
| #define HAVE_PTHREAD 1
| /* end confdefs.h.  */
| #include <tr1/unordered_map>
| int
| main ()
| {
| const std::unordered_map<int, int> t;
|                          return t.find(5) == t.end();
|   ;
|   return 0;
| }
configure:15873: g++ -c  -g -DNDEBUG  conftest.cpp >&5
configure:15873: $? = 0
configure:15940: result: <tr1/unordered_map>
configure:16100: creating ./config.status

## ---------------------- ##
## Running config.status. ##
## ---------------------- ##

This file was extended by Protocol Buffers config.status 2.4.1, which was
generated by GNU Autoconf 2.65.  Invocation command line was

  CONFIG_FILES    = 
  CONFIG_HEADERS  = 
  CONFIG_LINKS    = 
  CONFIG_COMMANDS = 
  $ ./config.status 

on sloppyjoe-PC

config.status:1188: creating Makefile
config.status:1188: creating src/Makefile
config.status:1188: creating protobuf.pc
config.status:1188: creating protobuf-lite.pc
config.status:1188: creating config.h
config.status:1408: executing depfiles commands
config.status:1408: executing libtool commands
configure:18635: === configuring in gtest (/e/Programming/libraries/GoogleProtobuf/protobuf/gtest)
configure:18698: running /bin/sh ./configure --disable-option-checking '--prefix=/usr/local'  --cache-file=/dev/null --srcdir=.

## ---------------- ##
## Cache variables. ##
## ---------------- ##

ac_cv_build=i686-pc-mingw32
ac_cv_c_compiler_gnu=yes
ac_cv_cxx_compiler_gnu=yes
ac_cv_cxx_hash_map='<tr1/unordered_map>'
ac_cv_cxx_hash_map_class=unordered_map
ac_cv_cxx_hash_namespace=std::tr1
ac_cv_cxx_hash_set='<tr1/unordered_set>'
ac_cv_cxx_hash_set_class=unordered_set
ac_cv_env_CCC_set=
ac_cv_env_CCC_value=
ac_cv_env_CC_set=
ac_cv_env_CC_value=
ac_cv_env_CFLAGS_set=
ac_cv_env_CFLAGS_value=
ac_cv_env_CPPFLAGS_set=
ac_cv_env_CPPFLAGS_value=
ac_cv_env_CXXCPP_set=
ac_cv_env_CXXCPP_value=
ac_cv_env_CXXFLAGS_set=
ac_cv_env_CXXFLAGS_value=
ac_cv_env_CXX_set=
ac_cv_env_CXX_value=
ac_cv_env_LDFLAGS_set=
ac_cv_env_LDFLAGS_value=
ac_cv_env_LIBS_set=
ac_cv_env_LIBS_value=
ac_cv_env_build_alias_set=
ac_cv_env_build_alias_value=
ac_cv_env_host_alias_set=
ac_cv_env_host_alias_value=
ac_cv_env_target_alias_set=
ac_cv_env_target_alias_value=
ac_cv_exeext=.exe
ac_cv_func_ftruncate=yes
ac_cv_func_memcmp_working=yes
ac_cv_func_memset=yes
ac_cv_func_mkdir=yes
ac_cv_func_strchr=yes
ac_cv_func_strerror=yes
ac_cv_func_strtod=yes
ac_cv_func_strtol=yes
ac_cv_have_decl___SUNPRO_CC=no
ac_cv_header_dlfcn_h=no
ac_cv_header_fcntl_h=yes
ac_cv_header_inttypes_h=yes
ac_cv_header_limits_h=yes
ac_cv_header_memory_h=yes
ac_cv_header_minix_config_h=no
ac_cv_header_stdc=yes
ac_cv_header_stdint_h=yes
ac_cv_header_stdlib_h=yes
ac_cv_header_string_h=yes
ac_cv_header_strings_h=yes
ac_cv_header_sys_stat_h=yes
ac_cv_header_sys_types_h=yes
ac_cv_header_unistd_h=yes
ac_cv_host=i686-pc-mingw32
ac_cv_objext=o
ac_cv_path_EGREP='/bin/grep -E'
ac_cv_path_FGREP='/bin/grep -F'
ac_cv_path_GREP=/bin/grep
ac_cv_path_SED=/bin/sed
ac_cv_path_install='/bin/install -c'
ac_cv_path_mkdir=/bin/mkdir
ac_cv_prog_AWK=gawk
ac_cv_prog_CXXCPP='g++ -E'
ac_cv_prog_ac_ct_AR=ar
ac_cv_prog_ac_ct_CC=gcc
ac_cv_prog_ac_ct_CXX=g++
ac_cv_prog_ac_ct_OBJDUMP=objdump
ac_cv_prog_ac_ct_RANLIB=ranlib
ac_cv_prog_ac_ct_STRIP=strip
ac_cv_prog_cc_c89=
ac_cv_prog_cc_g=yes
ac_cv_prog_cxx_g=yes
ac_cv_prog_make_make_set=yes
ac_cv_safe_to_define___extensions__=yes
ac_cv_target=i686-pc-mingw32
am_cv_CC_dependencies_compiler_type=gcc3
am_cv_CXX_dependencies_compiler_type=gcc3
lt_cv_deplibs_check_method='file_magic ^x86 archive import|^x86 DLL'
lt_cv_file_magic_cmd=func_win32_libid
lt_cv_file_magic_test_file=
lt_cv_ld_reload_flag=-r
lt_cv_nm_interface='BSD nm'
lt_cv_objdir=.libs
lt_cv_path_LD=e:/mingw/mingw32/bin/ld.exe
lt_cv_path_LDCXX=e:/mingw/mingw32/bin/ld.exe
lt_cv_path_NM=/mingw/bin/nm
lt_cv_prog_compiler_c_o=yes
lt_cv_prog_compiler_c_o_CXX=yes
lt_cv_prog_compiler_pic_works=yes
lt_cv_prog_compiler_pic_works_CXX=yes
lt_cv_prog_compiler_rtti_exceptions=no
lt_cv_prog_compiler_static_works=yes
lt_cv_prog_compiler_static_works_CXX=yes
lt_cv_prog_gnu_ld=yes
lt_cv_prog_gnu_ldcxx=yes
lt_cv_sys_global_symbol_pipe='sed -n -e '\''s/^.*[	 ]\([ABCDGIRSTW][ABCDGIRSTW]*\)[	 ][	 ]*_\([_A-Za-z][_A-Za-z0-9]*\)\{0,1\}$/\1 _\2 \2/p'\'''
lt_cv_sys_global_symbol_to_c_name_address='sed -n -e '\''s/^: \([^ ]*\) $/  {\"\1\", (void *) 0},/p'\'' -e '\''s/^[ABCDGIRSTW]* \([^ ]*\) \([^ ]*\)$/  {"\2", (void *) \&\2},/p'\'''
lt_cv_sys_global_symbol_to_c_name_address_lib_prefix='sed -n -e '\''s/^: \([^ ]*\) $/  {\"\1\", (void *) 0},/p'\'' -e '\''s/^[ABCDGIRSTW]* \([^ ]*\) \(lib[^ ]*\)$/  {"\2", (void *) \&\2},/p'\'' -e '\''s/^[ABCDGIRSTW]* \([^ ]*\) \([^ ]*\)$/  {"lib\2", (void *) \&\2},/p'\'''
lt_cv_sys_global_symbol_to_cdecl='sed -n -e '\''s/^T .* \(.*\)$/extern int \1();/p'\'' -e '\''s/^[ABCDGIRSTW]* .* \(.*\)$/extern char \1;/p'\'''
lt_cv_sys_max_cmd_len=8192

## ----------------- ##
## Output variables. ##
## ----------------- ##

ACLOCAL='${SHELL} /e/Programming/libraries/GoogleProtobuf/protobuf/missing --run aclocal-1.11'
AMDEPBACKSLASH='\'
AMDEP_FALSE='#'
AMDEP_TRUE=''
AMTAR='${SHELL} /e/Programming/libraries/GoogleProtobuf/protobuf/missing --run tar'
AR='ar'
AUTOCONF='${SHELL} /e/Programming/libraries/GoogleProtobuf/protobuf/missing --run autoconf'
AUTOHEADER='${SHELL} /e/Programming/libraries/GoogleProtobuf/protobuf/missing --run autoheader'
AUTOMAKE='${SHELL} /e/Programming/libraries/GoogleProtobuf/protobuf/missing --run automake-1.11'
AWK='gawk'
CC='gcc'
CCDEPMODE='depmode=gcc3'
CFLAGS=''
CPPFLAGS=''
CXX='g++'
CXXCPP='g++ -E'
CXXDEPMODE='depmode=gcc3'
CXXFLAGS=' -g -DNDEBUG'
CYGPATH_W='echo'
DEFS='-DHAVE_CONFIG_H'
DEPDIR='.deps'
DSYMUTIL=''
DUMPBIN=''
ECHO_C=''
ECHO_N='-n'
ECHO_T=''
EGREP='/bin/grep -E'
EXEEXT='.exe'
FGREP='/bin/grep -F'
GCC_FALSE='#'
GCC_TRUE=''
GREP='/bin/grep'
HAVE_ZLIB_FALSE=''
HAVE_ZLIB_TRUE='#'
INSTALL_DATA='${INSTALL} -m 644'
INSTALL_PROGRAM='${INSTALL}'
INSTALL_SCRIPT='${INSTALL}'
INSTALL_STRIP_PROGRAM='$(install_sh) -c -s'
ISAINFO=''
LD='e:/mingw/mingw32/bin/ld.exe'
LDFLAGS=''
LIBOBJS=''
LIBS=''
LIBTOOL='$(SHELL) $(top_builddir)/libtool'
LIPO=''
LN_S='cp -p'
LTLIBOBJS=''
MAKEINFO='${SHELL} /e/Programming/libraries/GoogleProtobuf/protobuf/missing --run makeinfo'
MKDIR_P='/bin/mkdir -p'
NM='/mingw/bin/nm'
NMEDIT=''
OBJDUMP='objdump'
OBJEXT='o'
OTOOL64=''
OTOOL=''
PACKAGE='protobuf'
PACKAGE_BUGREPORT='protobuf@googlegroups.com'
PACKAGE_NAME='Protocol Buffers'
PACKAGE_STRING='Protocol Buffers 2.4.1'
PACKAGE_TARNAME='protobuf'
PACKAGE_URL=''
PACKAGE_VERSION='2.4.1'
PATH_SEPARATOR=':'
POW_LIB=''
PROTOBUF_OPT_FLAG='-O2'
PROTOC=''
PTHREAD_CC='gcc'
PTHREAD_CFLAGS='-pthread'
PTHREAD_LIBS=''
RANLIB='ranlib'
SED='/bin/sed'
SET_MAKE=''
SHELL='/bin/sh'
STRIP='strip'
USE_EXTERNAL_PROTOC_FALSE=''
USE_EXTERNAL_PROTOC_TRUE='#'
VERSION='2.4.1'
ac_ct_CC='gcc'
ac_ct_CXX='g++'
ac_ct_DUMPBIN=''
acx_pthread_config=''
am__EXEEXT_FALSE='#'
am__EXEEXT_TRUE=''
am__fastdepCC_FALSE='#'
am__fastdepCC_TRUE=''
am__fastdepCXX_FALSE='#'
am__fastdepCXX_TRUE=''
am__include='include'
am__isrc=''
am__leading_dot='.'
am__quote=''
am__tar='${AMTAR} chof - "$$tardir"'
am__untar='${AMTAR} xf -'
bindir='${exec_prefix}/bin'
build='i686-pc-mingw32'
build_alias=''
build_cpu='i686'
build_os='mingw32'
build_vendor='pc'
datadir='${datarootdir}'
datarootdir='${prefix}/share'
docdir='${datarootdir}/doc/${PACKAGE_TARNAME}'
dvidir='${docdir}'
exec_prefix='${prefix}'
host='i686-pc-mingw32'
host_alias=''
host_cpu='i686'
host_os='mingw32'
host_vendor='pc'
htmldir='${docdir}'
includedir='${prefix}/include'
infodir='${datarootdir}/info'
install_sh='${SHELL} /e/Programming/libraries/GoogleProtobuf/protobuf/install-sh'
libdir='${exec_prefix}/lib'
libexecdir='${exec_prefix}/libexec'
localedir='${datarootdir}/locale'
localstatedir='${prefix}/var'
lt_ECHO='echo'
mandir='${datarootdir}/man'
mkdir_p='/bin/mkdir -p'
oldincludedir='/usr/include'
pdfdir='${docdir}'
prefix='/usr/local'
program_transform_name='s,x,x,'
psdir='${docdir}'
sbindir='${exec_prefix}/sbin'
sharedstatedir='${prefix}/com'
subdirs=' gtest'
sysconfdir='${prefix}/etc'
target='i686-pc-mingw32'
target_alias=''
target_cpu='i686'
target_os='mingw32'
target_vendor='pc'

## ----------- ##
## confdefs.h. ##
## ----------- ##

/* confdefs.h */
#define PACKAGE_NAME "Protocol Buffers"
#define PACKAGE_TARNAME "protobuf"
#define PACKAGE_VERSION "2.4.1"
#define PACKAGE_STRING "Protocol Buffers 2.4.1"
#define PACKAGE_BUGREPORT "protobuf@googlegroups.com"
#define PACKAGE_URL ""
#define PACKAGE "protobuf"
#define VERSION "2.4.1"
#define STDC_HEADERS 1
#define HAVE_SYS_TYPES_H 1
#define HAVE_SYS_STAT_H 1
#define HAVE_STDLIB_H 1
#define HAVE_STRING_H 1
#define HAVE_MEMORY_H 1
#define HAVE_STRINGS_H 1
#define HAVE_INTTYPES_H 1
#define HAVE_STDINT_H 1
#define HAVE_UNISTD_H 1
#define __EXTENSIONS__ 1
#define _ALL_SOURCE 1
#define _GNU_SOURCE 1
#define _POSIX_PTHREAD_SEMANTICS 1
#define _TANDEM_SOURCE 1
#define LT_OBJDIR ".libs/"
#define STDC_HEADERS 1
#define HAVE_FCNTL_H 1
#define HAVE_INTTYPES_H 1
#define HAVE_LIMITS_H 1
#define HAVE_STDLIB_H 1
#define HAVE_UNISTD_H 1
#define HAVE_FTRUNCATE 1
#define HAVE_MEMSET 1
#define HAVE_MKDIR 1
#define HAVE_STRCHR 1
#define HAVE_STRERROR 1
#define HAVE_STRTOL 1
#define HAVE_PTHREAD 1
#define HAVE_HASH_MAP 1
#define HAVE_HASH_SET 1
#define HASH_MAP_H <tr1/unordered_map>
#define HASH_SET_H <tr1/unordered_set>
#define HASH_NAMESPACE std::tr1
#define HASH_MAP_CLASS unordered_map
#define HASH_SET_CLASS unordered_set

configure: exit 0
